<?xml version="1.0" encoding="utf-8"?><testsuites name="pytest tests"><testsuite name="pytest" errors="0" failures="0" skipped="0" tests="105" time="2.012" timestamp="2026-05-22T16:30:53.850989+00:00" hostname="runnervmg397c"><testcase classname="test.test_base.TestBaseCoverage" name="test_aggregate_attributes_basic" time="0.001" /><testcase classname="test.test_base.TestBaseCoverage" name="test_aggregate_attributes_recursion" time="0.000" /><testcase classname="test.test_base.TestBaseCoverage" name="test_aggregate_attributes_error_handling" time="0.001" /><testcase classname="test.test_base.TestBaseCoverage" name="test_base_abstract_render" time="0.000" /><testcase classname="test.test_base.TestBaseCoverage" name="test_render_content_not_implemented" time="0.000" /><testcase classname="test.test_base.TestBaseCoverage" name="test_recurse_stylesheets" time="0.000" /><testcase classname="test.test_base.TestBaseCoverage" name="test_pretty_print" time="0.001" /><testcase classname="test.test_base.TestBaseCoverage" name="test_singleton_content_restriction" time="0.000" /><testcase classname="test.test_base.TestBaseCoverage" name="test_add_class_duplicate" time="0.000" /><testcase classname="test.test_compiler.TestHelpers" name="test_make_hashable" time="0.000" /><testcase classname="test.test_compiler.TestHelpers" name="test_group_by_path_deduplication" time="0.000" /><testcase classname="test.test_compiler.TestHtmlCompiler" name="test_init" time="0.000" /><testcase classname="test.test_compiler.TestHtmlCompiler" name="test_add_components_valid" time="0.000" /><testcase classname="test.test_compiler.TestHtmlCompiler" name="test_add_components_invalid" time="0.001" /><testcase classname="test.test_compiler.TestHtmlCompiler" name="test_compile_structure" time="0.001" /><testcase classname="test.test_compiler.TestHtmlCompiler" name="test_dependency_injection_string" time="0.002" /><testcase classname="test.test_compiler.TestHtmlCompiler" name="test_dependency_injection_file_template" time="0.002" /><testcase classname="test.test_compiler.TestHtmlCompiler" name="test_dependency_deduplication" time="0.001" /><testcase classname="test.test_compiler.TestHtmlCompiler" name="test_dependency_multiconfig" time="0.001" /><testcase classname="test.test_compiler.TestHtmlCompiler" name="test_render_to_file" time="0.001" /><testcase classname="test.test_list.TestList" name="test_unordered_list" time="0.001" /><testcase classname="test.test_list.TestList" name="test_ordered_list" time="0.000" /><testcase classname="test.test_list.TestList" name="test_list_item_attributes" time="0.000" /><testcase classname="test.test_list.TestList" name="test_powerlist_basic" time="0.001" /><testcase classname="test.test_list.TestList" name="test_powerlist_init_args" time="0.000" /><testcase classname="test.test_list.TestList" name="test_powerlist_line_attributes" time="0.000" /><testcase classname="test.test_list.TestList" name="test_powerlist_up_level_with_label" time="0.000" /><testcase classname="test.test_list.TestList" name="test_powerlist_up_level_styling" time="0.000" /><testcase classname="test.test_list.TestList" name="test_powerlist_down_level_safety" time="0.000" /><testcase classname="test.test_list.TestList" name="test_powerlist_custom_new_list" time="0.000" /><testcase classname="test.test_misc.TestMisc" name="test_header" time="0.000" /><testcase classname="test.test_misc.TestMisc" name="test_footer" time="0.000" /><testcase classname="test.test_misc.TestMisc" name="test_div" time="0.000" /><testcase classname="test.test_misc.TestMisc" name="test_basic_containers" time="0.000" /><testcase classname="test.test_misc.TestMisc" name="test_raw_code_containers" time="0.000" /><testcase classname="test.test_misc.TestMisc" name="test_hr" time="0.000" /><testcase classname="test.test_misc.TestMisc" name="test_br" time="0.000" /><testcase classname="test.test_misc.TestMisc" name="test_link" time="0.000" /><testcase classname="test.test_misc.TestMisc" name="test_link_defaults" time="0.000" /><testcase classname="test.test_misc.TestMisc" name="test_link_same_tab" time="0.000" /><testcase classname="test.test_misc.TestMisc" name="test_link_href_inference" time="0.000" /><testcase classname="test.test_misc.TestMisc" name="test_button" time="0.000" /><testcase classname="test.test_misc.TestMisc" name="test_button_types" time="0.000" /><testcase classname="test.test_misc.TestMisc" name="test_favicon" time="0.000" /><testcase classname="test.test_misc.TestMisc" name="test_link_with_extra_attr" time="0.000" /><testcase classname="test.test_misc.TestMisc" name="test_button_with_extra_attr" time="0.000" /><testcase classname="test.test_misc.TestMisc" name="test_link_attr_merging" time="0.000" /><testcase classname="test.test_misc.TestMisc" name="test_button_attr_merging" time="0.000" /><testcase classname="test.test_misc.TestMisc" name="test_div_basic" time="0.000" /><testcase classname="test.test_navigation.TestNavigation" name="test_navbar" time="0.001" /><testcase classname="test.test_navigation.TestNavigation" name="test_nested_navbar" time="0.001" /><testcase classname="test.test_navigation.TestNavigation" name="test_navbar_empty" time="0.000" /><testcase classname="test.test_navigation.TestNavigation" name="test_navbar_new_tab" time="0.000" /><testcase classname="test.test_navigation.TestNavigation" name="test_navbar_css_inclusion" time="0.000" /><testcase classname="test.test_navigation.TestNavigation" name="test_navbar_add_items" time="0.000" /><testcase classname="test.test_plot.TestPlotBase" name="test_init_defaults" time="0.137" /><testcase classname="test.test_plot.TestPlotBase" name="test_init_custom" time="0.024" /><testcase classname="test.test_plot.TestPlotBase" name="test_render" time="0.025" /><testcase classname="test.test_plot.TestScatterPlot" name="test_add_trace_modes" time="0.021" /><testcase classname="test.test_plot.TestScatterPlot" name="test_kwargs_passthrough" time="0.020" /><testcase classname="test.test_plot.TestTimelinePlot" name="test_init_calls_express" time="0.020" /><testcase classname="test.test_plot.TestTimelinePlot" name="test_date_formatting" time="0.020" /><testcase classname="test.test_resource.TestResourceRetrieval" name="test_constants_structure" time="0.000" /><testcase classname="test.test_resource.TestResourceRetrieval" name="test_get_template" time="0.001" /><testcase classname="test.test_resource.TestResourceRetrieval" name="test_get_template_missing" time="0.001" /><testcase classname="test.test_resource.TestResourceRetrieval" name="test_get_stylesheet" time="0.001" /><testcase classname="test.test_resource.TestResourceRetrieval" name="test_get_script" time="0.001" /><testcase classname="test.test_resource.TestResourceRetrieval" name="test_get_js_template" time="0.001" /><testcase classname="test.test_resource.TestRendering" name="test_render_simple" time="0.002" /><testcase classname="test.test_resource.TestRendering" name="test_render_autoescape_xss" time="0.001" /><testcase classname="test.test_resource.TestCompilation" name="test_compile_styles_mixed_input" time="0.008" /><testcase classname="test.test_resource.TestCompilation" name="test_compile_scripts_wrapping" time="0.001" /><testcase classname="test.test_structure.TestPaneContainer" name="test_init" time="0.001" /><testcase classname="test.test_structure.TestPaneContainer" name="test_add_pane_single" time="0.000" /><testcase classname="test.test_structure.TestPaneContainer" name="test_add_pane_multiple_visibility" time="0.001" /><testcase classname="test.test_structure.TestPaneContainer" name="test_add_pane_duplicate_error" time="0.000" /><testcase classname="test.test_structure.TestPaneContainer" name="test_add_child_disabled" time="0.000" /><testcase classname="test.test_structure.TestPaneContainer" name="test_rendering" time="0.001" /><testcase classname="test.test_structure.TestPaneContainer" name="test_nested_pane_containers" time="0.001" /><testcase classname="test.test_structure.TestPaneContainer" name="test_three_level_nested_pane_containers" time="0.001" /><testcase classname="test.test_table.TestTableComponents" name="test_cell_basic" time="0.000" /><testcase classname="test.test_table.TestTableComponents" name="test_row_basic" time="0.000" /><testcase classname="test.test_table.TestTableComponents" name="test_row_manual_cells" time="0.000" /><testcase classname="test.test_table.TestTableComponents" name="test_header_basic" time="0.001" /><testcase classname="test.test_table.TestTableComponents" name="test_header_with_filters" time="0.000" /><testcase classname="test.test_table.TestTableComponents" name="test_superheader" time="0.001" /><testcase classname="test.test_table.TestTableComponents" name="test_powertable_init_simple" time="0.001" /><testcase classname="test.test_table.TestTableComponents" name="test_powertable_expandable_rows" time="0.000" /><testcase classname="test.test_table.TestTableComponents" name="test_powertable_add_header" time="0.000" /><testcase classname="test.test_table.TestTableComponents" name="test_powertable_js_injection" time="0.000" /><testcase classname="test.test_table.TestTableComponents" name="test_powertable_id_generation" time="0.000" /><testcase classname="test.test_table.TestTableComponents" name="test_powertable_js_injection_complete" time="0.001" /><testcase classname="test.test_table.TestTableComponents" name="test_powertable_invalid_options" time="0.000" /><testcase classname="test.test_table.TestTableComponents" name="test_powertable_no_features" time="0.000" /><testcase classname="test.test_table.TestTableComponents" name="test_link_with_extra_attr" time="0.000" /><testcase classname="test.test_table.TestTableComponents" name="test_button_with_extra_attr" time="0.000" /><testcase classname="test.test_table.TestTableCoverage" name="test_row_with_premade_cells" time="0.000" /><testcase classname="test.test_table.TestTableCoverage" name="test_powertable_primary_key_logic" time="0.001" /><testcase classname="test.test_table.TestTableCoverage" name="test_powertable_list_data" time="0.000" /><testcase classname="test.test_table.TestTableCoverage" name="test_powertable_errors" time="0.000" /><testcase classname="test.test_table.TestTableCoverage" name="test_powertable_render_call" time="0.001" /><testcase classname="test.test_text.TestText" name="test_headings" time="0.001" /><testcase classname="test.test_text.TestText" name="test_other_text" time="0.000" /><testcase classname="test.test_text.TestText" name="test_text_attributes" time="0.000" /><testcase classname="test.test_text.TestText" name="test_nesting" time="0.000" /></testsuite></testsuites>